<?xml version="1.0" encoding="UTF-8"?>
<!-- Generated by org.testng.reporters.JUnitXMLReporter -->
<testsuite ignored="0" hostname="GSPLK-LPA553" failures="0" tests="4" name="Test" time="7.262" errors="0" timestamp="2025-01-16T13:59:43 IST">
  <testcase classname="day3.CreateUserChaining" name="createUser" time="4.612"/>
  <testcase classname="day3.GetUserChaining" name="testGetUser" time="0.826"/>
  <testcase classname="day3.UpdateUserChaining" name="testUpdateUser" time="0.735"/>
  <testcase classname="day3.DeleteUserChaining" name="testDeleteUser" time="0.971"/>
</testsuite> <!-- Test -->
