<?xml version="1.0" encoding="UTF-8"?>
<testng-results ignored="0" total="1" passed="1" failed="0" skipped="0">
  <reporter-output>
  </reporter-output>
  <suite started-at="2025-01-14T21:55:05 IST" name="Default suite" finished-at="2025-01-14T21:55:08 IST" duration-ms="2997">
    <groups>
    </groups>
    <test started-at="2025-01-14T21:55:05 IST" name="Default test" finished-at="2025-01-14T21:55:08 IST" duration-ms="2997">
      <class name="day1.CookiesTesting">
        <test-method signature="testCookies()[pri:0, instance:day1.CookiesTesting@45752059]" started-at="2025-01-14T21:55:05 IST" name="testCookies" finished-at="2025-01-14T21:55:08 IST" duration-ms="2922" status="PASS">
          <reporter-output>
          </reporter-output>
        </test-method> <!-- testCookies -->
      </class> <!-- day1.CookiesTesting -->
    </test> <!-- Default test -->
  </suite> <!-- Default suite -->
</testng-results>
